c:\users\בת-ציון\desktop\oop\sfml checking\checking the sfml-mooving image\mooving\mooving\debug\vc141.pdb
c:\users\בת-ציון\desktop\oop\sfml checking\checking the sfml-mooving image\mooving\mooving\debug\vc141.idb
c:\users\בת-ציון\desktop\oop\sfml checking\checking the sfml-mooving image\mooving\mooving\debug\main.obj
c:\users\בת-ציון\desktop\oop\sfml checking\checking the sfml-mooving image\mooving\debug\mooving.exe
c:\users\בת-ציון\desktop\oop\sfml checking\checking the sfml-mooving image\mooving\debug\mooving.ilk
c:\users\בת-ציון\desktop\oop\sfml checking\checking the sfml-mooving image\mooving\debug\mooving.pdb
c:\users\בת-ציון\desktop\oop\sfml checking\checking the sfml-mooving image\mooving\mooving\debug\vcpkg.applocal.log
c:\users\בת-ציון\desktop\oop\sfml checking\checking the sfml-mooving image\mooving\debug\sfml-graphics-d-2.dll
c:\users\בת-ציון\desktop\oop\sfml checking\checking the sfml-mooving image\mooving\debug\sfml-window-d-2.dll
c:\users\בת-ציון\desktop\oop\sfml checking\checking the sfml-mooving image\mooving\debug\sfml-system-d-2.dll
c:\users\בת-ציון\desktop\oop\sfml checking\checking the sfml-mooving image\mooving\debug\freetyped.dll
c:\users\בת-ציון\desktop\oop\sfml checking\checking the sfml-mooving image\mooving\debug\zlibd1.dll
c:\users\בת-ציון\desktop\oop\sfml checking\checking the sfml-mooving image\mooving\debug\libbz2d.dll
c:\users\בת-ציון\desktop\oop\sfml checking\checking the sfml-mooving image\mooving\debug\libpng16d.dll
c:\users\בת-ציון\desktop\oop\sfml checking\checking the sfml-mooving image\mooving\debug\jpeg62.dll
c:\users\בת-ציון\desktop\oop\sfml checking\checking the sfml-mooving image\mooving\mooving\debug\mooving.tlog\cl.command.1.tlog
c:\users\בת-ציון\desktop\oop\sfml checking\checking the sfml-mooving image\mooving\mooving\debug\mooving.tlog\cl.read.1.tlog
c:\users\בת-ציון\desktop\oop\sfml checking\checking the sfml-mooving image\mooving\mooving\debug\mooving.tlog\cl.write.1.tlog
c:\users\בת-ציון\desktop\oop\sfml checking\checking the sfml-mooving image\mooving\mooving\debug\mooving.tlog\link.command.1.tlog
c:\users\בת-ציון\desktop\oop\sfml checking\checking the sfml-mooving image\mooving\mooving\debug\mooving.tlog\link.read.1.tlog
c:\users\בת-ציון\desktop\oop\sfml checking\checking the sfml-mooving image\mooving\mooving\debug\mooving.tlog\link.write.1.tlog
c:\users\בת-ציון\desktop\oop\sfml checking\checking the sfml-mooving image\mooving\mooving\debug\mooving.tlog\mooving.write.1u.tlog
